<?xml version="1.0" encoding="UTF-8"?>
<!-- Generated by org.testng.reporters.JUnitReportReporter -->
<testsuite skipped="0" hostname="DESKTOP-P16BA6F" name="TC001_Post_Request" tests="1" failures="0" timestamp="2020-09-18T16:58:34 IST" time="4.183" errors="0">
  <testcase name="VerifyMobileNumber" time="4.183" classname="TC001_Post_Request"/>
  <system-out/>
</testsuite> <!-- TC001_Post_Request -->
