<?xml version="1.0" encoding="UTF-8"?>
<!-- Generated by org.testng.reporters.JUnitReportReporter -->
<testsuite skipped="1" hostname="DESKTOP-P16BA6F" name="TestAPIGet" tests="1" failures="0" timestamp="2020-08-06T12:45:50 IST" time="0.000" errors="0">
  <testcase name="checkContentType" time="0.000" classname="TestAPIGet">
    <skipped/>
  </testcase> <!-- checkContentType -->
  <system-out/>
</testsuite> <!-- TestAPIGet -->
